<?xml version="1.0" encoding="UTF-8"?>
<testng-results skipped="0" failed="0" total="1" passed="1">
  <reporter-output>
  </reporter-output>
  <suite name="Surefire suite" duration-ms="70" started-at="2020-01-21T05:39:52Z" finished-at="2020-01-21T05:39:52Z">
    <groups>
    </groups>
    <test name="Surefire test" duration-ms="70" started-at="2020-01-21T05:39:52Z" finished-at="2020-01-21T05:39:52Z">
      <class name="Automation.OnlineShopping.AppTest">
        <test-method status="PASS" signature="shouldAnswerWithTrue()[pri:0, instance:shouldAnswerWithTrue(Automation.OnlineShopping.AppTest)]" name="shouldAnswerWithTrue" duration-ms="16" started-at="2020-01-21T11:09:52Z" finished-at="2020-01-21T11:09:52Z">
          <reporter-output>
          </reporter-output>
        </test-method> <!-- shouldAnswerWithTrue -->
      </class> <!-- Automation.OnlineShopping.AppTest -->
    </test> <!-- Surefire test -->
  </suite> <!-- Surefire suite -->
</testng-results>
